[debug] [2023-07-21T13:25:02.116Z] ----------------------------------------------------------------------
[debug] [2023-07-21T13:25:02.119Z] Command:       C:\Program Files\nodejs\node.exe C:\Users\Hridayesh\AppData\Roaming\npm\node_modules\firebase-tools\lib\bin\firebase.js deploy
[debug] [2023-07-21T13:25:02.119Z] CLI Version:   12.4.4
[debug] [2023-07-21T13:25:02.120Z] Platform:      win32
[debug] [2023-07-21T13:25:02.120Z] Node Version:  v18.17.0
[debug] [2023-07-21T13:25:02.129Z] Time:          Fri Jul 21 2023 18:55:02 GMT+0530 (India Standard Time)
[debug] [2023-07-21T13:25:02.130Z] ----------------------------------------------------------------------
[debug] 
[debug] [2023-07-21T13:25:02.223Z] > command requires scopes: ["email","openid","https://www.googleapis.com/auth/cloudplatformprojects.readonly","https://www.googleapis.com/auth/firebase","https://www.googleapis.com/auth/cloud-platform"]
[debug] [2023-07-21T13:25:02.223Z] > authorizing via signed-in user (hridayeshmore16@gmail.com)
[debug] [2023-07-21T13:25:02.223Z] [iam] checking project whatsapp-clone-6fe31 for permissions ["firebase.projects.get","firebasehosting.sites.update"]
[debug] [2023-07-21T13:25:02.226Z] >>> [apiv2][query] POST https://cloudresourcemanager.googleapis.com/v1/projects/whatsapp-clone-6fe31:testIamPermissions [none]
[debug] [2023-07-21T13:25:02.227Z] >>> [apiv2][(partial)header] POST https://cloudresourcemanager.googleapis.com/v1/projects/whatsapp-clone-6fe31:testIamPermissions x-goog-quota-user=projects/whatsapp-clone-6fe31
[debug] [2023-07-21T13:25:02.227Z] >>> [apiv2][body] POST https://cloudresourcemanager.googleapis.com/v1/projects/whatsapp-clone-6fe31:testIamPermissions {"permissions":["firebase.projects.get","firebasehosting.sites.update"]}
[debug] [2023-07-21T13:25:03.924Z] <<< [apiv2][status] POST https://cloudresourcemanager.googleapis.com/v1/projects/whatsapp-clone-6fe31:testIamPermissions 200
[debug] [2023-07-21T13:25:03.925Z] <<< [apiv2][body] POST https://cloudresourcemanager.googleapis.com/v1/projects/whatsapp-clone-6fe31:testIamPermissions {"permissions":["firebase.projects.get","firebasehosting.sites.update"]}
[debug] [2023-07-21T13:25:03.926Z] >>> [apiv2][query] GET https://firebase.googleapis.com/v1beta1/projects/whatsapp-clone-6fe31 [none]
[debug] [2023-07-21T13:25:04.412Z] <<< [apiv2][status] GET https://firebase.googleapis.com/v1beta1/projects/whatsapp-clone-6fe31 200
[debug] [2023-07-21T13:25:04.413Z] <<< [apiv2][body] GET https://firebase.googleapis.com/v1beta1/projects/whatsapp-clone-6fe31 {"projectId":"whatsapp-clone-6fe31","projectNumber":"18664184","displayName":"whatsapp-clone","name":"projects/whatsapp-clone-6fe31","resources":{"hostingSite":"whatsapp-clone-6fe31","realtimeDatabaseInstance":"whatsapp-clone-6fe31-default-rtdb"},"state":"ACTIVE","etag":"1_1c714b13-953c-4042-a971-849fe0b94238"}
[info] 
[info] === Deploying to 'whatsapp-clone-6fe31'...
[info] 
[info] i  deploying hosting 
[debug] [2023-07-21T13:25:04.422Z] >>> [apiv2][query] POST https://firebasehosting.googleapis.com/v1beta1/projects/-/sites/whatsapp-clone-6fe31/versions [none]
[debug] [2023-07-21T13:25:04.422Z] >>> [apiv2][body] POST https://firebasehosting.googleapis.com/v1beta1/projects/-/sites/whatsapp-clone-6fe31/versions {"status":"CREATED","labels":{"deployment-tool":"cli-firebase"}}
[debug] [2023-07-21T13:25:06.155Z] <<< [apiv2][status] POST https://firebasehosting.googleapis.com/v1beta1/projects/-/sites/whatsapp-clone-6fe31/versions 200
[debug] [2023-07-21T13:25:06.156Z] <<< [apiv2][body] POST https://firebasehosting.googleapis.com/v1beta1/projects/-/sites/whatsapp-clone-6fe31/versions {"name":"projects/18664184/sites/whatsapp-clone-6fe31/versions/85782fcfeb75a682","status":"CREATED","config":{},"labels":{"deployment-tool":"cli-firebase"}}
[info] i  hosting[whatsapp-clone-6fe31]: beginning deploy... 
[info] i  hosting[whatsapp-clone-6fe31]: found 15 files in build 
[debug] [2023-07-21T13:25:06.198Z] [hosting] uploading with 200 concurrency
[debug] [2023-07-21T13:25:06.202Z] [hosting] hash cache [YnVpbGQ] not populated
[debug] [2023-07-21T13:25:08.403Z] [hosting] hash cache [YnVpbGQ] stored for 15 files
[debug] [2023-07-21T13:25:08.404Z] [hosting][hash queue][FINAL] {"max":2174,"min":27,"avg":185.93333333333334,"active":0,"complete":15,"success":15,"errored":0,"retried":0,"total":15,"elapsed":2194}
[debug] [2023-07-21T13:25:08.405Z] >>> [apiv2][query] POST https://firebasehosting.googleapis.com/v1beta1/projects/18664184/sites/whatsapp-clone-6fe31/versions/85782fcfeb75a682:populateFiles [none]
[debug] [2023-07-21T13:25:08.405Z] >>> [apiv2][body] POST https://firebasehosting.googleapis.com/v1beta1/projects/18664184/sites/whatsapp-clone-6fe31/versions/85782fcfeb75a682:populateFiles {"files":{"/asset-manifest.json":"3383c6542a7851c62d4c4ce58adde9f2087092e5849561e618fd5b7da320b127","/index.html":"ddc92f0902186f40ad7f1cc3d2af59608d2688b4a143bb0a4cd94587bc5516b3","/robots.txt":"bfe106a3fb878dc83461c86818bf74fc1bdc7f28538ba613cd3e775516ce8b49","/manifest.json":"aff3449bdc238776f5d6d967f19ec491b36aed5fb7f23ccff6500736fd58494a","/static/css/main.1e29668c.css":"2aad40f23cf1f98663c13c29b8388079b2d6a2803b28abc9211b4cda53a1f3de","/static/css/main.1e29668c.css.map":"6a7e520df2d420e7fc47e4a5fe47646be1ad0227bb3338f65f8d0da75587cb0c","/static/js/787.741e8581.chunk.js":"686d2974ce685250d8b93a47c8f05daea29d73802c03f08eb17dd7234b77b3ca","/static/js/787.741e8581.chunk.js.map":"4c5c478298ffe589bfbe39adeafeab9cd9f9460d5f7fa08d8a75c0e2212ce616","/static/js/main.b38b8228.js.LICENSE.txt":"774c2335a49d581fd50a6d96a6c108860408dc51f80bd7a87855140c2bc8c368","/logo192.png":"3ee59515172ee198f3be375979df15ac5345183e656720a381b8872b2a39dc8b","/logo512.png":"ee7e2f3fdb8209c4b6fd7bef6ba50d1b9dba30a25bb5c3126df057e1cb6f5331","/favicon.ico":"eae62e993eb980ec8a25058c39d5a51feab118bd2100c4deebb2a9c158ec11f9","/static/media/logo.bd128e28bd214dbfb28e.png":"9f44d4e61d62ab62de2dc48ca73190ce72ac19c72080b3c9c5f5aaffae062212","/static/js/main.b38b8228.js":"d581bd1fb14a50f95cbfa09fc221661ad76d99ab4043fa3607945d9eb8f30708","/static/js/main.b38b8228.js.map":"544a37db5e41a72b61590f435218eed20e110e57d10ede5e0080dbf2a423faba"}}
[debug] [2023-07-21T13:25:09.537Z] <<< [apiv2][status] POST https://firebasehosting.googleapis.com/v1beta1/projects/18664184/sites/whatsapp-clone-6fe31/versions/85782fcfeb75a682:populateFiles 200
[debug] [2023-07-21T13:25:09.538Z] <<< [apiv2][body] POST https://firebasehosting.googleapis.com/v1beta1/projects/18664184/sites/whatsapp-clone-6fe31/versions/85782fcfeb75a682:populateFiles {"uploadRequiredHashes":["eae62e993eb980ec8a25058c39d5a51feab118bd2100c4deebb2a9c158ec11f9","aff3449bdc238776f5d6d967f19ec491b36aed5fb7f23ccff6500736fd58494a","3383c6542a7851c62d4c4ce58adde9f2087092e5849561e618fd5b7da320b127","d581bd1fb14a50f95cbfa09fc221661ad76d99ab4043fa3607945d9eb8f30708","9f44d4e61d62ab62de2dc48ca73190ce72ac19c72080b3c9c5f5aaffae062212","ddc92f0902186f40ad7f1cc3d2af59608d2688b4a143bb0a4cd94587bc5516b3","2aad40f23cf1f98663c13c29b8388079b2d6a2803b28abc9211b4cda53a1f3de","bfe106a3fb878dc83461c86818bf74fc1bdc7f28538ba613cd3e775516ce8b49","544a37db5e41a72b61590f435218eed20e110e57d10ede5e0080dbf2a423faba","4c5c478298ffe589bfbe39adeafeab9cd9f9460d5f7fa08d8a75c0e2212ce616","ee7e2f3fdb8209c4b6fd7bef6ba50d1b9dba30a25bb5c3126df057e1cb6f5331","6a7e520df2d420e7fc47e4a5fe47646be1ad0227bb3338f65f8d0da75587cb0c","686d2974ce685250d8b93a47c8f05daea29d73802c03f08eb17dd7234b77b3ca","3ee59515172ee198f3be375979df15ac5345183e656720a381b8872b2a39dc8b","774c2335a49d581fd50a6d96a6c108860408dc51f80bd7a87855140c2bc8c368"],"uploadUrl":"https://upload-firebasehosting.googleapis.com/upload/sites/whatsapp-clone-6fe31/versions/85782fcfeb75a682/files"}
[debug] [2023-07-21T13:25:09.545Z] >>> [apiv2][query] POST https://upload-firebasehosting.googleapis.com/upload/sites/whatsapp-clone-6fe31/versions/85782fcfeb75a682/files/eae62e993eb980ec8a25058c39d5a51feab118bd2100c4deebb2a9c158ec11f9 [none]
[debug] [2023-07-21T13:25:09.545Z] >>> [apiv2][body] POST https://upload-firebasehosting.googleapis.com/upload/sites/whatsapp-clone-6fe31/versions/85782fcfeb75a682/files/eae62e993eb980ec8a25058c39d5a51feab118bd2100c4deebb2a9c158ec11f9 [stream]
[debug] [2023-07-21T13:25:09.549Z] >>> [apiv2][query] POST https://upload-firebasehosting.googleapis.com/upload/sites/whatsapp-clone-6fe31/versions/85782fcfeb75a682/files/aff3449bdc238776f5d6d967f19ec491b36aed5fb7f23ccff6500736fd58494a [none]
[debug] [2023-07-21T13:25:09.549Z] >>> [apiv2][body] POST https://upload-firebasehosting.googleapis.com/upload/sites/whatsapp-clone-6fe31/versions/85782fcfeb75a682/files/aff3449bdc238776f5d6d967f19ec491b36aed5fb7f23ccff6500736fd58494a [stream]
[debug] [2023-07-21T13:25:09.553Z] >>> [apiv2][query] POST https://upload-firebasehosting.googleapis.com/upload/sites/whatsapp-clone-6fe31/versions/85782fcfeb75a682/files/3383c6542a7851c62d4c4ce58adde9f2087092e5849561e618fd5b7da320b127 [none]
[debug] [2023-07-21T13:25:09.553Z] >>> [apiv2][body] POST https://upload-firebasehosting.googleapis.com/upload/sites/whatsapp-clone-6fe31/versions/85782fcfeb75a682/files/3383c6542a7851c62d4c4ce58adde9f2087092e5849561e618fd5b7da320b127 [stream]
[debug] [2023-07-21T13:25:09.557Z] >>> [apiv2][query] POST https://upload-firebasehosting.googleapis.com/upload/sites/whatsapp-clone-6fe31/versions/85782fcfeb75a682/files/d581bd1fb14a50f95cbfa09fc221661ad76d99ab4043fa3607945d9eb8f30708 [none]
[debug] [2023-07-21T13:25:09.557Z] >>> [apiv2][body] POST https://upload-firebasehosting.googleapis.com/upload/sites/whatsapp-clone-6fe31/versions/85782fcfeb75a682/files/d581bd1fb14a50f95cbfa09fc221661ad76d99ab4043fa3607945d9eb8f30708 [stream]
[debug] [2023-07-21T13:25:09.561Z] >>> [apiv2][query] POST https://upload-firebasehosting.googleapis.com/upload/sites/whatsapp-clone-6fe31/versions/85782fcfeb75a682/files/9f44d4e61d62ab62de2dc48ca73190ce72ac19c72080b3c9c5f5aaffae062212 [none]
[debug] [2023-07-21T13:25:09.561Z] >>> [apiv2][body] POST https://upload-firebasehosting.googleapis.com/upload/sites/whatsapp-clone-6fe31/versions/85782fcfeb75a682/files/9f44d4e61d62ab62de2dc48ca73190ce72ac19c72080b3c9c5f5aaffae062212 [stream]
[debug] [2023-07-21T13:25:09.564Z] >>> [apiv2][query] POST https://upload-firebasehosting.googleapis.com/upload/sites/whatsapp-clone-6fe31/versions/85782fcfeb75a682/files/ddc92f0902186f40ad7f1cc3d2af59608d2688b4a143bb0a4cd94587bc5516b3 [none]
[debug] [2023-07-21T13:25:09.565Z] >>> [apiv2][body] POST https://upload-firebasehosting.googleapis.com/upload/sites/whatsapp-clone-6fe31/versions/85782fcfeb75a682/files/ddc92f0902186f40ad7f1cc3d2af59608d2688b4a143bb0a4cd94587bc5516b3 [stream]
[debug] [2023-07-21T13:25:09.568Z] >>> [apiv2][query] POST https://upload-firebasehosting.googleapis.com/upload/sites/whatsapp-clone-6fe31/versions/85782fcfeb75a682/files/2aad40f23cf1f98663c13c29b8388079b2d6a2803b28abc9211b4cda53a1f3de [none]
[debug] [2023-07-21T13:25:09.568Z] >>> [apiv2][body] POST https://upload-firebasehosting.googleapis.com/upload/sites/whatsapp-clone-6fe31/versions/85782fcfeb75a682/files/2aad40f23cf1f98663c13c29b8388079b2d6a2803b28abc9211b4cda53a1f3de [stream]
[debug] [2023-07-21T13:25:09.573Z] >>> [apiv2][query] POST https://upload-firebasehosting.googleapis.com/upload/sites/whatsapp-clone-6fe31/versions/85782fcfeb75a682/files/bfe106a3fb878dc83461c86818bf74fc1bdc7f28538ba613cd3e775516ce8b49 [none]
[debug] [2023-07-21T13:25:09.573Z] >>> [apiv2][body] POST https://upload-firebasehosting.googleapis.com/upload/sites/whatsapp-clone-6fe31/versions/85782fcfeb75a682/files/bfe106a3fb878dc83461c86818bf74fc1bdc7f28538ba613cd3e775516ce8b49 [stream]
[debug] [2023-07-21T13:25:09.576Z] >>> [apiv2][query] POST https://upload-firebasehosting.googleapis.com/upload/sites/whatsapp-clone-6fe31/versions/85782fcfeb75a682/files/544a37db5e41a72b61590f435218eed20e110e57d10ede5e0080dbf2a423faba [none]
[debug] [2023-07-21T13:25:09.576Z] >>> [apiv2][body] POST https://upload-firebasehosting.googleapis.com/upload/sites/whatsapp-clone-6fe31/versions/85782fcfeb75a682/files/544a37db5e41a72b61590f435218eed20e110e57d10ede5e0080dbf2a423faba [stream]
[debug] [2023-07-21T13:25:09.579Z] >>> [apiv2][query] POST https://upload-firebasehosting.googleapis.com/upload/sites/whatsapp-clone-6fe31/versions/85782fcfeb75a682/files/4c5c478298ffe589bfbe39adeafeab9cd9f9460d5f7fa08d8a75c0e2212ce616 [none]
[debug] [2023-07-21T13:25:09.579Z] >>> [apiv2][body] POST https://upload-firebasehosting.googleapis.com/upload/sites/whatsapp-clone-6fe31/versions/85782fcfeb75a682/files/4c5c478298ffe589bfbe39adeafeab9cd9f9460d5f7fa08d8a75c0e2212ce616 [stream]
[debug] [2023-07-21T13:25:09.582Z] >>> [apiv2][query] POST https://upload-firebasehosting.googleapis.com/upload/sites/whatsapp-clone-6fe31/versions/85782fcfeb75a682/files/ee7e2f3fdb8209c4b6fd7bef6ba50d1b9dba30a25bb5c3126df057e1cb6f5331 [none]
[debug] [2023-07-21T13:25:09.582Z] >>> [apiv2][body] POST https://upload-firebasehosting.googleapis.com/upload/sites/whatsapp-clone-6fe31/versions/85782fcfeb75a682/files/ee7e2f3fdb8209c4b6fd7bef6ba50d1b9dba30a25bb5c3126df057e1cb6f5331 [stream]
[debug] [2023-07-21T13:25:09.586Z] >>> [apiv2][query] POST https://upload-firebasehosting.googleapis.com/upload/sites/whatsapp-clone-6fe31/versions/85782fcfeb75a682/files/6a7e520df2d420e7fc47e4a5fe47646be1ad0227bb3338f65f8d0da75587cb0c [none]
[debug] [2023-07-21T13:25:09.587Z] >>> [apiv2][body] POST https://upload-firebasehosting.googleapis.com/upload/sites/whatsapp-clone-6fe31/versions/85782fcfeb75a682/files/6a7e520df2d420e7fc47e4a5fe47646be1ad0227bb3338f65f8d0da75587cb0c [stream]
[debug] [2023-07-21T13:25:09.591Z] >>> [apiv2][query] POST https://upload-firebasehosting.googleapis.com/upload/sites/whatsapp-clone-6fe31/versions/85782fcfeb75a682/files/686d2974ce685250d8b93a47c8f05daea29d73802c03f08eb17dd7234b77b3ca [none]
[debug] [2023-07-21T13:25:09.591Z] >>> [apiv2][body] POST https://upload-firebasehosting.googleapis.com/upload/sites/whatsapp-clone-6fe31/versions/85782fcfeb75a682/files/686d2974ce685250d8b93a47c8f05daea29d73802c03f08eb17dd7234b77b3ca [stream]
[debug] [2023-07-21T13:25:09.594Z] >>> [apiv2][query] POST https://upload-firebasehosting.googleapis.com/upload/sites/whatsapp-clone-6fe31/versions/85782fcfeb75a682/files/3ee59515172ee198f3be375979df15ac5345183e656720a381b8872b2a39dc8b [none]
[debug] [2023-07-21T13:25:09.594Z] >>> [apiv2][body] POST https://upload-firebasehosting.googleapis.com/upload/sites/whatsapp-clone-6fe31/versions/85782fcfeb75a682/files/3ee59515172ee198f3be375979df15ac5345183e656720a381b8872b2a39dc8b [stream]
[debug] [2023-07-21T13:25:09.597Z] >>> [apiv2][query] POST https://upload-firebasehosting.googleapis.com/upload/sites/whatsapp-clone-6fe31/versions/85782fcfeb75a682/files/774c2335a49d581fd50a6d96a6c108860408dc51f80bd7a87855140c2bc8c368 [none]
[debug] [2023-07-21T13:25:09.597Z] >>> [apiv2][body] POST https://upload-firebasehosting.googleapis.com/upload/sites/whatsapp-clone-6fe31/versions/85782fcfeb75a682/files/774c2335a49d581fd50a6d96a6c108860408dc51f80bd7a87855140c2bc8c368 [stream]
[debug] [2023-07-21T13:25:09.600Z] [hosting][populate queue][FINAL] {"max":1147,"min":1147,"avg":1147,"active":0,"complete":1,"success":1,"errored":0,"retried":0,"total":1,"elapsed":1203}
[debug] [2023-07-21T13:25:09.600Z] [hosting] uploads queued: 15
[debug] [2023-07-21T13:25:10.757Z] <<< [apiv2][status] POST https://upload-firebasehosting.googleapis.com/upload/sites/whatsapp-clone-6fe31/versions/85782fcfeb75a682/files/aff3449bdc238776f5d6d967f19ec491b36aed5fb7f23ccff6500736fd58494a 200
[debug] [2023-07-21T13:25:10.757Z] <<< [apiv2][body] POST https://upload-firebasehosting.googleapis.com/upload/sites/whatsapp-clone-6fe31/versions/85782fcfeb75a682/files/aff3449bdc238776f5d6d967f19ec491b36aed5fb7f23ccff6500736fd58494a [stream]
[debug] [2023-07-21T13:25:10.853Z] <<< [apiv2][status] POST https://upload-firebasehosting.googleapis.com/upload/sites/whatsapp-clone-6fe31/versions/85782fcfeb75a682/files/686d2974ce685250d8b93a47c8f05daea29d73802c03f08eb17dd7234b77b3ca 200
[debug] [2023-07-21T13:25:10.853Z] <<< [apiv2][body] POST https://upload-firebasehosting.googleapis.com/upload/sites/whatsapp-clone-6fe31/versions/85782fcfeb75a682/files/686d2974ce685250d8b93a47c8f05daea29d73802c03f08eb17dd7234b77b3ca [stream]
[debug] [2023-07-21T13:25:10.860Z] <<< [apiv2][status] POST https://upload-firebasehosting.googleapis.com/upload/sites/whatsapp-clone-6fe31/versions/85782fcfeb75a682/files/bfe106a3fb878dc83461c86818bf74fc1bdc7f28538ba613cd3e775516ce8b49 200
[debug] [2023-07-21T13:25:10.861Z] <<< [apiv2][body] POST https://upload-firebasehosting.googleapis.com/upload/sites/whatsapp-clone-6fe31/versions/85782fcfeb75a682/files/bfe106a3fb878dc83461c86818bf74fc1bdc7f28538ba613cd3e775516ce8b49 [stream]
[debug] [2023-07-21T13:25:10.897Z] <<< [apiv2][status] POST https://upload-firebasehosting.googleapis.com/upload/sites/whatsapp-clone-6fe31/versions/85782fcfeb75a682/files/6a7e520df2d420e7fc47e4a5fe47646be1ad0227bb3338f65f8d0da75587cb0c 200
[debug] [2023-07-21T13:25:10.897Z] <<< [apiv2][body] POST https://upload-firebasehosting.googleapis.com/upload/sites/whatsapp-clone-6fe31/versions/85782fcfeb75a682/files/6a7e520df2d420e7fc47e4a5fe47646be1ad0227bb3338f65f8d0da75587cb0c [stream]
[debug] [2023-07-21T13:25:10.913Z] <<< [apiv2][status] POST https://upload-firebasehosting.googleapis.com/upload/sites/whatsapp-clone-6fe31/versions/85782fcfeb75a682/files/3383c6542a7851c62d4c4ce58adde9f2087092e5849561e618fd5b7da320b127 200
[debug] [2023-07-21T13:25:10.914Z] <<< [apiv2][body] POST https://upload-firebasehosting.googleapis.com/upload/sites/whatsapp-clone-6fe31/versions/85782fcfeb75a682/files/3383c6542a7851c62d4c4ce58adde9f2087092e5849561e618fd5b7da320b127 [stream]
[debug] [2023-07-21T13:25:10.954Z] <<< [apiv2][status] POST https://upload-firebasehosting.googleapis.com/upload/sites/whatsapp-clone-6fe31/versions/85782fcfeb75a682/files/774c2335a49d581fd50a6d96a6c108860408dc51f80bd7a87855140c2bc8c368 200
[debug] [2023-07-21T13:25:10.954Z] <<< [apiv2][body] POST https://upload-firebasehosting.googleapis.com/upload/sites/whatsapp-clone-6fe31/versions/85782fcfeb75a682/files/774c2335a49d581fd50a6d96a6c108860408dc51f80bd7a87855140c2bc8c368 [stream]
[debug] [2023-07-21T13:25:11.014Z] <<< [apiv2][status] POST https://upload-firebasehosting.googleapis.com/upload/sites/whatsapp-clone-6fe31/versions/85782fcfeb75a682/files/ddc92f0902186f40ad7f1cc3d2af59608d2688b4a143bb0a4cd94587bc5516b3 200
[debug] [2023-07-21T13:25:11.014Z] <<< [apiv2][body] POST https://upload-firebasehosting.googleapis.com/upload/sites/whatsapp-clone-6fe31/versions/85782fcfeb75a682/files/ddc92f0902186f40ad7f1cc3d2af59608d2688b4a143bb0a4cd94587bc5516b3 [stream]
[debug] [2023-07-21T13:25:11.085Z] <<< [apiv2][status] POST https://upload-firebasehosting.googleapis.com/upload/sites/whatsapp-clone-6fe31/versions/85782fcfeb75a682/files/ee7e2f3fdb8209c4b6fd7bef6ba50d1b9dba30a25bb5c3126df057e1cb6f5331 200
[debug] [2023-07-21T13:25:11.085Z] <<< [apiv2][body] POST https://upload-firebasehosting.googleapis.com/upload/sites/whatsapp-clone-6fe31/versions/85782fcfeb75a682/files/ee7e2f3fdb8209c4b6fd7bef6ba50d1b9dba30a25bb5c3126df057e1cb6f5331 [stream]
[debug] [2023-07-21T13:25:11.121Z] <<< [apiv2][status] POST https://upload-firebasehosting.googleapis.com/upload/sites/whatsapp-clone-6fe31/versions/85782fcfeb75a682/files/d581bd1fb14a50f95cbfa09fc221661ad76d99ab4043fa3607945d9eb8f30708 200
[debug] [2023-07-21T13:25:11.122Z] <<< [apiv2][body] POST https://upload-firebasehosting.googleapis.com/upload/sites/whatsapp-clone-6fe31/versions/85782fcfeb75a682/files/d581bd1fb14a50f95cbfa09fc221661ad76d99ab4043fa3607945d9eb8f30708 [stream]
[debug] [2023-07-21T13:25:11.124Z] <<< [apiv2][status] POST https://upload-firebasehosting.googleapis.com/upload/sites/whatsapp-clone-6fe31/versions/85782fcfeb75a682/files/3ee59515172ee198f3be375979df15ac5345183e656720a381b8872b2a39dc8b 200
[debug] [2023-07-21T13:25:11.124Z] <<< [apiv2][body] POST https://upload-firebasehosting.googleapis.com/upload/sites/whatsapp-clone-6fe31/versions/85782fcfeb75a682/files/3ee59515172ee198f3be375979df15ac5345183e656720a381b8872b2a39dc8b [stream]
[debug] [2023-07-21T13:25:11.127Z] <<< [apiv2][status] POST https://upload-firebasehosting.googleapis.com/upload/sites/whatsapp-clone-6fe31/versions/85782fcfeb75a682/files/9f44d4e61d62ab62de2dc48ca73190ce72ac19c72080b3c9c5f5aaffae062212 200
[debug] [2023-07-21T13:25:11.127Z] <<< [apiv2][body] POST https://upload-firebasehosting.googleapis.com/upload/sites/whatsapp-clone-6fe31/versions/85782fcfeb75a682/files/9f44d4e61d62ab62de2dc48ca73190ce72ac19c72080b3c9c5f5aaffae062212 [stream]
[debug] [2023-07-21T13:25:11.419Z] <<< [apiv2][status] POST https://upload-firebasehosting.googleapis.com/upload/sites/whatsapp-clone-6fe31/versions/85782fcfeb75a682/files/eae62e993eb980ec8a25058c39d5a51feab118bd2100c4deebb2a9c158ec11f9 200
[debug] [2023-07-21T13:25:11.420Z] <<< [apiv2][body] POST https://upload-firebasehosting.googleapis.com/upload/sites/whatsapp-clone-6fe31/versions/85782fcfeb75a682/files/eae62e993eb980ec8a25058c39d5a51feab118bd2100c4deebb2a9c158ec11f9 [stream]
[debug] [2023-07-21T13:25:11.469Z] <<< [apiv2][status] POST https://upload-firebasehosting.googleapis.com/upload/sites/whatsapp-clone-6fe31/versions/85782fcfeb75a682/files/2aad40f23cf1f98663c13c29b8388079b2d6a2803b28abc9211b4cda53a1f3de 200
[debug] [2023-07-21T13:25:11.470Z] <<< [apiv2][body] POST https://upload-firebasehosting.googleapis.com/upload/sites/whatsapp-clone-6fe31/versions/85782fcfeb75a682/files/2aad40f23cf1f98663c13c29b8388079b2d6a2803b28abc9211b4cda53a1f3de [stream]
[debug] [2023-07-21T13:25:11.720Z] <<< [apiv2][status] POST https://upload-firebasehosting.googleapis.com/upload/sites/whatsapp-clone-6fe31/versions/85782fcfeb75a682/files/4c5c478298ffe589bfbe39adeafeab9cd9f9460d5f7fa08d8a75c0e2212ce616 200
[debug] [2023-07-21T13:25:11.720Z] <<< [apiv2][body] POST https://upload-firebasehosting.googleapis.com/upload/sites/whatsapp-clone-6fe31/versions/85782fcfeb75a682/files/4c5c478298ffe589bfbe39adeafeab9cd9f9460d5f7fa08d8a75c0e2212ce616 [stream]
[debug] [2023-07-21T13:25:12.916Z] <<< [apiv2][status] POST https://upload-firebasehosting.googleapis.com/upload/sites/whatsapp-clone-6fe31/versions/85782fcfeb75a682/files/544a37db5e41a72b61590f435218eed20e110e57d10ede5e0080dbf2a423faba 200
[debug] [2023-07-21T13:25:12.917Z] <<< [apiv2][body] POST https://upload-firebasehosting.googleapis.com/upload/sites/whatsapp-clone-6fe31/versions/85782fcfeb75a682/files/544a37db5e41a72b61590f435218eed20e110e57d10ede5e0080dbf2a423faba [stream]
[debug] [2023-07-21T13:25:12.917Z] [hosting][upload queue][FINAL] {"max":3375,"min":1218,"avg":1674.4666666666667,"active":0,"complete":15,"success":15,"errored":0,"retried":0,"total":15,"elapsed":3379}
[info] +  hosting[whatsapp-clone-6fe31]: file upload complete 
[debug] [2023-07-21T13:25:12.920Z] [hosting] deploy completed after 6759ms
[debug] [2023-07-21T13:25:12.920Z] [
  {
    "config": {
      "public": "build",
      "ignore": [
        "firebase.json",
        "**/.*",
        "**/node_modules/**"
      ],
      "rewrites": [
        {
          "source": "**",
          "destination": "/index.html"
        }
      ],
      "site": "whatsapp-clone-6fe31"
    },
    "version": "projects/18664184/sites/whatsapp-clone-6fe31/versions/85782fcfeb75a682"
  }
]
[info] i  hosting[whatsapp-clone-6fe31]: finalizing version... 
[debug] [2023-07-21T13:25:12.929Z] >>> [apiv2][query] PATCH https://firebasehosting.googleapis.com/v1beta1/projects/-/sites/whatsapp-clone-6fe31/versions/85782fcfeb75a682 updateMask=status%2Cconfig
[debug] [2023-07-21T13:25:12.929Z] >>> [apiv2][body] PATCH https://firebasehosting.googleapis.com/v1beta1/projects/-/sites/whatsapp-clone-6fe31/versions/85782fcfeb75a682 {"status":"FINALIZED","config":{"rewrites":[{"glob":"**","path":"/index.html"}]}}
[debug] [2023-07-21T13:25:14.045Z] <<< [apiv2][status] PATCH https://firebasehosting.googleapis.com/v1beta1/projects/-/sites/whatsapp-clone-6fe31/versions/85782fcfeb75a682 200
[debug] [2023-07-21T13:25:14.046Z] <<< [apiv2][body] PATCH https://firebasehosting.googleapis.com/v1beta1/projects/-/sites/whatsapp-clone-6fe31/versions/85782fcfeb75a682 {"name":"projects/18664184/sites/whatsapp-clone-6fe31/versions/85782fcfeb75a682","status":"FINALIZED","config":{"rewrites":[{"glob":"**","path":"/index.html"}]},"labels":{"deployment-tool":"cli-firebase"},"createTime":"2023-07-21T13:25:04.628275Z","createUser":{"email":"hridayeshmore16@gmail.com"},"finalizeTime":"2023-07-21T13:25:13.127625Z","finalizeUser":{"email":"hridayeshmore16@gmail.com"}}
[debug] [2023-07-21T13:25:14.046Z] [hosting] finalized version for whatsapp-clone-6fe31:[object Object]
[info] +  hosting[whatsapp-clone-6fe31]: version finalized 
[info] i  hosting[whatsapp-clone-6fe31]: releasing new version... 
[debug] [2023-07-21T13:25:14.049Z] >>> [apiv2][query] POST https://firebasehosting.googleapis.com/v1beta1/projects/-/sites/whatsapp-clone-6fe31/channels/live/releases versionName=projects%2F18664184%2Fsites%2Fwhatsapp-clone-6fe31%2Fversions%2F85782fcfeb75a682
[debug] [2023-07-21T13:25:14.049Z] >>> [apiv2][body] POST https://firebasehosting.googleapis.com/v1beta1/projects/-/sites/whatsapp-clone-6fe31/channels/live/releases {}
[debug] [2023-07-21T13:25:15.085Z] <<< [apiv2][status] POST https://firebasehosting.googleapis.com/v1beta1/projects/-/sites/whatsapp-clone-6fe31/channels/live/releases 200
[debug] [2023-07-21T13:25:15.086Z] <<< [apiv2][body] POST https://firebasehosting.googleapis.com/v1beta1/projects/-/sites/whatsapp-clone-6fe31/channels/live/releases {"name":"projects/18664184/sites/whatsapp-clone-6fe31/channels/live/releases/1689945913628000","version":{"name":"projects/18664184/sites/whatsapp-clone-6fe31/versions/85782fcfeb75a682","status":"FINALIZED","config":{"rewrites":[{"glob":"**","path":"/index.html"}]},"labels":{"deployment-tool":"cli-firebase"},"createTime":"2023-07-21T13:25:04.628275Z","createUser":{"email":"hridayeshmore16@gmail.com","imageUrl":"https://lh3.googleusercontent.com/a/AAcHTtd3a6Yg5F-KElzx0rxUJfbRIUp-tXNp3iVLmAqoZWelEIQ"},"finalizeTime":"2023-07-21T13:25:13.127625Z","finalizeUser":{"email":"hridayeshmore16@gmail.com","imageUrl":"https://lh3.googleusercontent.com/a/AAcHTtd3a6Yg5F-KElzx0rxUJfbRIUp-tXNp3iVLmAqoZWelEIQ"}},"type":"DEPLOY","releaseTime":"2023-07-21T13:25:13.628Z","releaseUser":{"email":"hridayeshmore16@gmail.com","imageUrl":"https://lh3.googleusercontent.com/a/AAcHTtd3a6Yg5F-KElzx0rxUJfbRIUp-tXNp3iVLmAqoZWelEIQ"}}
[debug] [2023-07-21T13:25:15.086Z] [hosting] release: {"name":"projects/18664184/sites/whatsapp-clone-6fe31/channels/live/releases/1689945913628000","version":{"name":"projects/18664184/sites/whatsapp-clone-6fe31/versions/85782fcfeb75a682","status":"FINALIZED","config":{"rewrites":[{"glob":"**","path":"/index.html"}]},"labels":{"deployment-tool":"cli-firebase"},"createTime":"2023-07-21T13:25:04.628275Z","createUser":{"email":"hridayeshmore16@gmail.com","imageUrl":"https://lh3.googleusercontent.com/a/AAcHTtd3a6Yg5F-KElzx0rxUJfbRIUp-tXNp3iVLmAqoZWelEIQ"},"finalizeTime":"2023-07-21T13:25:13.127625Z","finalizeUser":{"email":"hridayeshmore16@gmail.com","imageUrl":"https://lh3.googleusercontent.com/a/AAcHTtd3a6Yg5F-KElzx0rxUJfbRIUp-tXNp3iVLmAqoZWelEIQ"}},"type":"DEPLOY","releaseTime":"2023-07-21T13:25:13.628Z","releaseUser":{"email":"hridayeshmore16@gmail.com","imageUrl":"https://lh3.googleusercontent.com/a/AAcHTtd3a6Yg5F-KElzx0rxUJfbRIUp-tXNp3iVLmAqoZWelEIQ"}}
[info] +  hosting[whatsapp-clone-6fe31]: release complete 
[info] 
[info] +  Deploy complete! 
[info] 
[info] Project Console: https://console.firebase.google.com/project/whatsapp-clone-6fe31/overview
[info] Hosting URL: https://whatsapp-clone-6fe31.web.app
[debug] [2023-07-21T13:25:20.402Z] Error: Timed out.
    at Timeout._onTimeout (C:\Users\Hridayesh\AppData\Roaming\npm\node_modules\firebase-tools\lib\utils.js:254:49)
    at listOnTimeout (node:internal/timers:569:17)
    at process.processTimers (node:internal/timers:512:7)
[error] 
[error] Error: An unexpected error has occurred.
